<?xml version="1.0" encoding="UTF-8"?>
<!-- Generated by org.testng.reporters.JUnitXMLReporter -->
<testsuite ignored="30" hostname="GWTN156-9" failures="22" tests="24" name="Test" time="1.033" errors="0" timestamp="2023-12-21T15:48:06 MST">
  <testcase classname="tests_michroTech_DataProvider.HomePageVerification" name="homePageVerify1" time="0.034">
    <failure type="com.microsoft.playwright.PlaywrightException" message="Object doesn&amp;apos;t exist: request@c805191e12688cd1ec4380117f63db8b">
      <![CDATA[com.microsoft.playwright.PlaywrightException: Object doesn't exist: request@c805191e12688cd1ec4380117f63db8b
at com.microsoft.playwright.impl.Connection.getExistingObject(Connection.java:187)
at com.microsoft.playwright.impl.BrowserContextImpl.handleEvent(BrowserContextImpl.java:683)
at com.microsoft.playwright.impl.Connection.dispatch(Connection.java:259)
at com.microsoft.playwright.impl.Connection.processOneMessage(Connection.java:206)
at com.microsoft.playwright.impl.ChannelOwner.runUntil(ChannelOwner.java:118)
at com.microsoft.playwright.impl.Connection.sendMessage(Connection.java:126)
at com.microsoft.playwright.impl.ChannelOwner.sendMessage(ChannelOwner.java:106)
at com.microsoft.playwright.impl.FrameImpl.navigateImpl(FrameImpl.java:463)
at com.microsoft.playwright.impl.PageImpl.lambda$navigate$45(PageImpl.java:827)
at com.microsoft.playwright.impl.LoggingSupport.withLogging(LoggingSupport.java:47)
at com.microsoft.playwright.impl.ChannelOwner.withLogging(ChannelOwner.java:89)
at com.microsoft.playwright.impl.PageImpl.navigate(PageImpl.java:827)
at com.microsoft.playwright.impl.PageImpl.navigate(PageImpl.java:42)
at com.microsoft.playwright.Page.navigate(Page.java:5282)
at base.Base.navigate(Base.java:61)
at tests_michroTech_DataProvider.HomePageVerification.homePageVerify1(HomePageVerification.java:14)
at java.base/java.util.concurrent.ThreadPoolExecutor.runWorker(ThreadPoolExecutor.java:1136)
at java.base/java.util.concurrent.ThreadPoolExecutor$Worker.run(ThreadPoolExecutor.java:635)
at java.base/java.lang.Thread.run(Thread.java:833)
... Removed 12 stack frames]]>
    </failure>
  </testcase> <!-- homePageVerify1 -->
  <testcase classname="tests_dataTables.Class2_DataTable" name="class2_DataTable" time="0.035">
    <failure type="com.microsoft.playwright.PlaywrightException" message="Error {
  message=&amp;apos;net::ERR_ABORTED at https://datatables.net/examples/advanced_init/dt_events.html
=========================== logs ===========================
navigating to &amp;quot;https://datatables.net/examples/advanced_init/dt_events.html&amp;quot;, waiting until &amp;quot;load&amp;quot;
============================================================
  name=&amp;apos;Error
  stack=&amp;apos;Error: net::ERR_ABORTED at https://datatables.net/examples/advanced_init/dt_events.html
=========================== logs ===========================
navigating to &amp;quot;https://datatables.net/examples/advanced_init/dt_events.html&amp;quot;, waiting until &amp;quot;load&amp;quot;
============================================================
    at FrameSession._navigate (C:\Users\mahfo\AppData\Local\Temp\playwright-java-310839522140795698\package\lib\server\chromium\crPage.js:506:35)
    at runNextTicks (node:internal/process/task_queues:60:5)
    at process.processImmediate (node:internal/timers:447:9)
    at async Frame._gotoAction (C:\Users\mahfo\AppData\Local\Temp\playwright-java-310839522140795698\package\lib\server\frames.js:534:28)
}">
      <![CDATA[com.microsoft.playwright.PlaywrightException: Error {
  message='net::ERR_ABORTED at https://datatables.net/examples/advanced_init/dt_events.html
=========================== logs ===========================
navigating to "https://datatables.net/examples/advanced_init/dt_events.html", waiting until "load"
============================================================
  name='Error
  stack='Error: net::ERR_ABORTED at https://datatables.net/examples/advanced_init/dt_events.html
=========================== logs ===========================
navigating to "https://datatables.net/examples/advanced_init/dt_events.html", waiting until "load"
============================================================
    at FrameSession._navigate (C:\Users\mahfo\AppData\Local\Temp\playwright-java-310839522140795698\package\lib\server\chromium\crPage.js:506:35)
    at runNextTicks (node:internal/process/task_queues:60:5)
    at process.processImmediate (node:internal/timers:447:9)
    at async Frame._gotoAction (C:\Users\mahfo\AppData\Local\Temp\playwright-java-310839522140795698\package\lib\server\frames.js:534:28)
}
at com.microsoft.playwright.impl.WaitableResult.get(WaitableResult.java:54)
at com.microsoft.playwright.impl.ChannelOwner.runUntil(ChannelOwner.java:120)
at com.microsoft.playwright.impl.Connection.sendMessage(Connection.java:126)
at com.microsoft.playwright.impl.ChannelOwner.sendMessage(ChannelOwner.java:106)
at com.microsoft.playwright.impl.FrameImpl.navigateImpl(FrameImpl.java:463)
at com.microsoft.playwright.impl.PageImpl.lambda$navigate$45(PageImpl.java:827)
at com.microsoft.playwright.impl.LoggingSupport.withLogging(LoggingSupport.java:47)
at com.microsoft.playwright.impl.ChannelOwner.withLogging(ChannelOwner.java:89)
at com.microsoft.playwright.impl.PageImpl.navigate(PageImpl.java:827)
at com.microsoft.playwright.impl.PageImpl.navigate(PageImpl.java:42)
at com.microsoft.playwright.Page.navigate(Page.java:5282)
at tests_dataTables.Class2_DataTable.class2_DataTable(Class2_DataTable.java:24)
at java.base/java.util.concurrent.ThreadPoolExecutor.runWorker(ThreadPoolExecutor.java:1136)
at java.base/java.util.concurrent.ThreadPoolExecutor$Worker.run(ThreadPoolExecutor.java:635)
at java.base/java.lang.Thread.run(Thread.java:833)
Caused by: com.microsoft.playwright.impl.DriverException: Error {
  message='net::ERR_ABORTED at https://datatables.net/examples/advanced_init/dt_events.html
=========================== logs ===========================
navigating to "https://datatables.net/examples/advanced_init/dt_events.html", waiting until "load"
============================================================
  name='Error
  stack='Error: net::ERR_ABORTED at https://datatables.net/examples/advanced_init/dt_events.html
=========================== logs ===========================
navigating to "https://datatables.net/examples/advanced_init/dt_events.html", waiting until "load"
============================================================
    at FrameSession._navigate (C:\Users\mahfo\AppData\Local\Temp\playwright-java-310839522140795698\package\lib\server\chromium\crPage.js:506:35)
    at runNextTicks (node:internal/process/task_queues:60:5)
    at process.processImmediate (node:internal/timers:447:9)
    at async Frame._gotoAction (C:\Users\mahfo\AppData\Local\Temp\playwright-java-310839522140795698\package\lib\server\frames.js:534:28)
}
at com.microsoft.playwright.impl.Connection.dispatch(Connection.java:226)
at com.microsoft.playwright.impl.Connection.processOneMessage(Connection.java:206)
at com.microsoft.playwright.impl.ChannelOwner.runUntil(ChannelOwner.java:118)
at com.microsoft.playwright.impl.Connection.sendMessage(Connection.java:126)
at com.microsoft.playwright.impl.ChannelOwner.sendMessage(ChannelOwner.java:106)
at com.microsoft.playwright.impl.FrameImpl.navigateImpl(FrameImpl.java:463)
at com.microsoft.playwright.impl.PageImpl.lambda$navigate$45(PageImpl.java:827)
at com.microsoft.playwright.impl.LoggingSupport.withLogging(LoggingSupport.java:47)
at com.microsoft.playwright.impl.ChannelOwner.withLogging(ChannelOwner.java:89)
at com.microsoft.playwright.impl.PageImpl.navigate(PageImpl.java:827)
at com.microsoft.playwright.impl.PageImpl.navigate(PageImpl.java:42)
at com.microsoft.playwright.Page.navigate(Page.java:5282)
at base.Base.navigate(Base.java:61)
at tests_swagLab.HomePageVerification.homePageVerification(HomePageVerification.java:13)
... 15 more
... Removed 12 stack frames]]>
    </failure>
  </testcase> <!-- class2_DataTable -->
  <testcase classname="tests_dataTables.HomePageVerification" name="homePageVerification" time="0.034">
    <failure type="com.microsoft.playwright.PlaywrightException" message="Error {
  message=&amp;apos;net::ERR_ABORTED at https://datatables.net/
=========================== logs ===========================
navigating to &amp;quot;https://datatables.net/&amp;quot;, waiting until &amp;quot;load&amp;quot;
============================================================
  name=&amp;apos;Error
  stack=&amp;apos;Error: net::ERR_ABORTED at https://datatables.net/
=========================== logs ===========================
navigating to &amp;quot;https://datatables.net/&amp;quot;, waiting until &amp;quot;load&amp;quot;
============================================================
    at FrameSession._navigate (C:\Users\mahfo\AppData\Local\Temp\playwright-java-310839522140795698\package\lib\server\chromium\crPage.js:506:35)
    at runNextTicks (node:internal/process/task_queues:60:5)
    at process.processImmediate (node:internal/timers:447:9)
    at async Frame._gotoAction (C:\Users\mahfo\AppData\Local\Temp\playwright-java-310839522140795698\package\lib\server\frames.js:534:28)
}">
      <![CDATA[com.microsoft.playwright.PlaywrightException: Error {
  message='net::ERR_ABORTED at https://datatables.net/
=========================== logs ===========================
navigating to "https://datatables.net/", waiting until "load"
============================================================
  name='Error
  stack='Error: net::ERR_ABORTED at https://datatables.net/
=========================== logs ===========================
navigating to "https://datatables.net/", waiting until "load"
============================================================
    at FrameSession._navigate (C:\Users\mahfo\AppData\Local\Temp\playwright-java-310839522140795698\package\lib\server\chromium\crPage.js:506:35)
    at runNextTicks (node:internal/process/task_queues:60:5)
    at process.processImmediate (node:internal/timers:447:9)
    at async Frame._gotoAction (C:\Users\mahfo\AppData\Local\Temp\playwright-java-310839522140795698\package\lib\server\frames.js:534:28)
}
at com.microsoft.playwright.impl.WaitableResult.get(WaitableResult.java:54)
at com.microsoft.playwright.impl.ChannelOwner.runUntil(ChannelOwner.java:120)
at com.microsoft.playwright.impl.Connection.sendMessage(Connection.java:126)
at com.microsoft.playwright.impl.ChannelOwner.sendMessage(ChannelOwner.java:106)
at com.microsoft.playwright.impl.FrameImpl.navigateImpl(FrameImpl.java:463)
at com.microsoft.playwright.impl.PageImpl.lambda$navigate$45(PageImpl.java:827)
at com.microsoft.playwright.impl.LoggingSupport.withLogging(LoggingSupport.java:47)
at com.microsoft.playwright.impl.ChannelOwner.withLogging(ChannelOwner.java:89)
at com.microsoft.playwright.impl.PageImpl.navigate(PageImpl.java:827)
at com.microsoft.playwright.impl.PageImpl.navigate(PageImpl.java:42)
at com.microsoft.playwright.Page.navigate(Page.java:5282)
at base.Base.navigate(Base.java:61)
at tests_dataTables.HomePageVerification.homePageVerification(HomePageVerification.java:19)
at java.base/java.util.concurrent.ThreadPoolExecutor.runWorker(ThreadPoolExecutor.java:1136)
at java.base/java.util.concurrent.ThreadPoolExecutor$Worker.run(ThreadPoolExecutor.java:635)
at java.base/java.lang.Thread.run(Thread.java:833)
Caused by: com.microsoft.playwright.impl.DriverException: Error {
  message='net::ERR_ABORTED at https://datatables.net/
=========================== logs ===========================
navigating to "https://datatables.net/", waiting until "load"
============================================================
  name='Error
  stack='Error: net::ERR_ABORTED at https://datatables.net/
=========================== logs ===========================
navigating to "https://datatables.net/", waiting until "load"
============================================================
    at FrameSession._navigate (C:\Users\mahfo\AppData\Local\Temp\playwright-java-310839522140795698\package\lib\server\chromium\crPage.js:506:35)
    at runNextTicks (node:internal/process/task_queues:60:5)
    at process.processImmediate (node:internal/timers:447:9)
    at async Frame._gotoAction (C:\Users\mahfo\AppData\Local\Temp\playwright-java-310839522140795698\package\lib\server\frames.js:534:28)
}
at com.microsoft.playwright.impl.Connection.dispatch(Connection.java:226)
at com.microsoft.playwright.impl.Connection.processOneMessage(Connection.java:206)
at com.microsoft.playwright.impl.ChannelOwner.runUntil(ChannelOwner.java:118)
at com.microsoft.playwright.impl.Connection.sendMessage(Connection.java:126)
at com.microsoft.playwright.impl.ChannelOwner.sendMessage(ChannelOwner.java:106)
at com.microsoft.playwright.impl.FrameImpl.navigateImpl(FrameImpl.java:463)
at com.microsoft.playwright.impl.PageImpl.lambda$navigate$45(PageImpl.java:827)
at com.microsoft.playwright.impl.LoggingSupport.withLogging(LoggingSupport.java:47)
at com.microsoft.playwright.impl.ChannelOwner.withLogging(ChannelOwner.java:89)
at com.microsoft.playwright.impl.PageImpl.navigate(PageImpl.java:827)
at com.microsoft.playwright.impl.PageImpl.navigate(PageImpl.java:42)
at com.microsoft.playwright.Page.navigate(Page.java:5282)
at base.Base.navigate(Base.java:61)
at tests_swagLab.HomePageVerification.homePageVerification(HomePageVerification.java:13)
... 15 more
... Removed 12 stack frames]]>
    </failure>
  </testcase> <!-- homePageVerification -->
  <testcase classname="tests_swagLab.HomePageVerification" name="homePageVerification" time="0.034">
    <failure type="com.microsoft.playwright.PlaywrightException" message="Error {
  message=&amp;apos;net::ERR_ABORTED at https://www.saucedemo.com/
=========================== logs ===========================
navigating to &amp;quot;https://www.saucedemo.com/&amp;quot;, waiting until &amp;quot;load&amp;quot;
============================================================
  name=&amp;apos;Error
  stack=&amp;apos;Error: net::ERR_ABORTED at https://www.saucedemo.com/
=========================== logs ===========================
navigating to &amp;quot;https://www.saucedemo.com/&amp;quot;, waiting until &amp;quot;load&amp;quot;
============================================================
    at FrameSession._navigate (C:\Users\mahfo\AppData\Local\Temp\playwright-java-310839522140795698\package\lib\server\chromium\crPage.js:506:35)
    at runNextTicks (node:internal/process/task_queues:60:5)
    at process.processImmediate (node:internal/timers:447:9)
    at async Frame._gotoAction (C:\Users\mahfo\AppData\Local\Temp\playwright-java-310839522140795698\package\lib\server\frames.js:534:28)
}">
      <![CDATA[com.microsoft.playwright.PlaywrightException: Error {
  message='net::ERR_ABORTED at https://www.saucedemo.com/
=========================== logs ===========================
navigating to "https://www.saucedemo.com/", waiting until "load"
============================================================
  name='Error
  stack='Error: net::ERR_ABORTED at https://www.saucedemo.com/
=========================== logs ===========================
navigating to "https://www.saucedemo.com/", waiting until "load"
============================================================
    at FrameSession._navigate (C:\Users\mahfo\AppData\Local\Temp\playwright-java-310839522140795698\package\lib\server\chromium\crPage.js:506:35)
    at runNextTicks (node:internal/process/task_queues:60:5)
    at process.processImmediate (node:internal/timers:447:9)
    at async Frame._gotoAction (C:\Users\mahfo\AppData\Local\Temp\playwright-java-310839522140795698\package\lib\server\frames.js:534:28)
}
at com.microsoft.playwright.impl.WaitableResult.get(WaitableResult.java:54)
at com.microsoft.playwright.impl.ChannelOwner.runUntil(ChannelOwner.java:120)
at com.microsoft.playwright.impl.Connection.sendMessage(Connection.java:126)
at com.microsoft.playwright.impl.ChannelOwner.sendMessage(ChannelOwner.java:106)
at com.microsoft.playwright.impl.FrameImpl.navigateImpl(FrameImpl.java:463)
at com.microsoft.playwright.impl.PageImpl.lambda$navigate$45(PageImpl.java:827)
at com.microsoft.playwright.impl.LoggingSupport.withLogging(LoggingSupport.java:47)
at com.microsoft.playwright.impl.ChannelOwner.withLogging(ChannelOwner.java:89)
at com.microsoft.playwright.impl.PageImpl.navigate(PageImpl.java:827)
at com.microsoft.playwright.impl.PageImpl.navigate(PageImpl.java:42)
at com.microsoft.playwright.Page.navigate(Page.java:5282)
at base.Base.navigate(Base.java:61)
at tests_swagLab.HomePageVerification.homePageVerification(HomePageVerification.java:13)
at java.base/java.util.concurrent.ThreadPoolExecutor.runWorker(ThreadPoolExecutor.java:1136)
at java.base/java.util.concurrent.ThreadPoolExecutor$Worker.run(ThreadPoolExecutor.java:635)
at java.base/java.lang.Thread.run(Thread.java:833)
Caused by: com.microsoft.playwright.impl.DriverException: Error {
  message='net::ERR_ABORTED at https://www.saucedemo.com/
=========================== logs ===========================
navigating to "https://www.saucedemo.com/", waiting until "load"
============================================================
  name='Error
  stack='Error: net::ERR_ABORTED at https://www.saucedemo.com/
=========================== logs ===========================
navigating to "https://www.saucedemo.com/", waiting until "load"
============================================================
    at FrameSession._navigate (C:\Users\mahfo\AppData\Local\Temp\playwright-java-310839522140795698\package\lib\server\chromium\crPage.js:506:35)
    at runNextTicks (node:internal/process/task_queues:60:5)
    at process.processImmediate (node:internal/timers:447:9)
    at async Frame._gotoAction (C:\Users\mahfo\AppData\Local\Temp\playwright-java-310839522140795698\package\lib\server\frames.js:534:28)
}
at com.microsoft.playwright.impl.Connection.dispatch(Connection.java:226)
at com.microsoft.playwright.impl.Connection.processOneMessage(Connection.java:206)
at com.microsoft.playwright.impl.ChannelOwner.runUntil(ChannelOwner.java:118)
at com.microsoft.playwright.impl.Connection.sendMessage(Connection.java:126)
at com.microsoft.playwright.impl.ChannelOwner.sendMessage(ChannelOwner.java:106)
at com.microsoft.playwright.impl.FrameImpl.navigateImpl(FrameImpl.java:463)
at com.microsoft.playwright.impl.PageImpl.lambda$navigate$45(PageImpl.java:827)
at com.microsoft.playwright.impl.LoggingSupport.withLogging(LoggingSupport.java:47)
at com.microsoft.playwright.impl.ChannelOwner.withLogging(ChannelOwner.java:89)
at com.microsoft.playwright.impl.PageImpl.navigate(PageImpl.java:827)
at com.microsoft.playwright.impl.PageImpl.navigate(PageImpl.java:42)
at com.microsoft.playwright.Page.navigate(Page.java:5282)
at tests_dataTables.Class2_DataTable.class2_DataTable(Class2_DataTable.java:24)
... 15 more
... Removed 12 stack frames]]>
    </failure>
  </testcase> <!-- homePageVerification -->
  <testcase classname="tests_michroTech_Parameter_DataProvider.copy.homePage_data_Provider" name="receiveData" time="0.0">
    <failure type="org.testng.TestNGException" message="
Method public void tests_michroTech_Parameter_DataProvider.copy.homePage_data_Provider.receiveData(java.lang.String,java.lang.String,java.lang.String) requires a @DataProvider named : passData">
      <![CDATA[org.testng.TestNGException: 
Method public void tests_michroTech_Parameter_DataProvider.copy.homePage_data_Provider.receiveData(java.lang.String,java.lang.String,java.lang.String) requires a @DataProvider named : passData
at java.base/java.util.concurrent.ThreadPoolExecutor.runWorker(ThreadPoolExecutor.java:1136)
at java.base/java.util.concurrent.ThreadPoolExecutor$Worker.run(ThreadPoolExecutor.java:635)
at java.base/java.lang.Thread.run(Thread.java:833)
... Removed 9 stack frames]]>
    </failure>
  </testcase> <!-- receiveData -->
  <testcase classname="tests_swagLab.Test_Swag_Lab_Logout" name="logoutpage1" time="0.052">
    <failure type="com.microsoft.playwright.PlaywrightException" message="Error {
  message=&amp;apos;net::ERR_ABORTED at https://www.saucedemo.com/
=========================== logs ===========================
navigating to &amp;quot;https://www.saucedemo.com/&amp;quot;, waiting until &amp;quot;load&amp;quot;
============================================================
  name=&amp;apos;Error
  stack=&amp;apos;Error: net::ERR_ABORTED at https://www.saucedemo.com/
=========================== logs ===========================
navigating to &amp;quot;https://www.saucedemo.com/&amp;quot;, waiting until &amp;quot;load&amp;quot;
============================================================
    at FrameSession._navigate (C:\Users\mahfo\AppData\Local\Temp\playwright-java-310839522140795698\package\lib\server\chromium\crPage.js:506:35)
    at runNextTicks (node:internal/process/task_queues:60:5)
    at process.processImmediate (node:internal/timers:447:9)
    at async Frame._gotoAction (C:\Users\mahfo\AppData\Local\Temp\playwright-java-310839522140795698\package\lib\server\frames.js:534:28)
}">
      <![CDATA[com.microsoft.playwright.PlaywrightException: Error {
  message='net::ERR_ABORTED at https://www.saucedemo.com/
=========================== logs ===========================
navigating to "https://www.saucedemo.com/", waiting until "load"
============================================================
  name='Error
  stack='Error: net::ERR_ABORTED at https://www.saucedemo.com/
=========================== logs ===========================
navigating to "https://www.saucedemo.com/", waiting until "load"
============================================================
    at FrameSession._navigate (C:\Users\mahfo\AppData\Local\Temp\playwright-java-310839522140795698\package\lib\server\chromium\crPage.js:506:35)
    at runNextTicks (node:internal/process/task_queues:60:5)
    at process.processImmediate (node:internal/timers:447:9)
    at async Frame._gotoAction (C:\Users\mahfo\AppData\Local\Temp\playwright-java-310839522140795698\package\lib\server\frames.js:534:28)
}
at com.microsoft.playwright.impl.WaitableResult.get(WaitableResult.java:54)
at com.microsoft.playwright.impl.ChannelOwner.runUntil(ChannelOwner.java:120)
at com.microsoft.playwright.impl.Connection.sendMessage(Connection.java:126)
at com.microsoft.playwright.impl.ChannelOwner.sendMessage(ChannelOwner.java:106)
at com.microsoft.playwright.impl.FrameImpl.navigateImpl(FrameImpl.java:463)
at com.microsoft.playwright.impl.PageImpl.lambda$navigate$45(PageImpl.java:827)
at com.microsoft.playwright.impl.LoggingSupport.withLogging(LoggingSupport.java:47)
at com.microsoft.playwright.impl.ChannelOwner.withLogging(ChannelOwner.java:89)
at com.microsoft.playwright.impl.PageImpl.navigate(PageImpl.java:827)
at com.microsoft.playwright.impl.PageImpl.navigate(PageImpl.java:42)
at com.microsoft.playwright.Page.navigate(Page.java:5282)
at base.Base.navigate(Base.java:61)
at tests_swagLab.Test_Swag_Lab_Logout.logoutpage1(Test_Swag_Lab_Logout.java:15)
at java.base/java.util.concurrent.ThreadPoolExecutor.runWorker(ThreadPoolExecutor.java:1136)
at java.base/java.util.concurrent.ThreadPoolExecutor$Worker.run(ThreadPoolExecutor.java:635)
at java.base/java.lang.Thread.run(Thread.java:833)
Caused by: com.microsoft.playwright.impl.DriverException: Error {
  message='net::ERR_ABORTED at https://www.saucedemo.com/
=========================== logs ===========================
navigating to "https://www.saucedemo.com/", waiting until "load"
============================================================
  name='Error
  stack='Error: net::ERR_ABORTED at https://www.saucedemo.com/
=========================== logs ===========================
navigating to "https://www.saucedemo.com/", waiting until "load"
============================================================
    at FrameSession._navigate (C:\Users\mahfo\AppData\Local\Temp\playwright-java-310839522140795698\package\lib\server\chromium\crPage.js:506:35)
    at runNextTicks (node:internal/process/task_queues:60:5)
    at process.processImmediate (node:internal/timers:447:9)
    at async Frame._gotoAction (C:\Users\mahfo\AppData\Local\Temp\playwright-java-310839522140795698\package\lib\server\frames.js:534:28)
}
at com.microsoft.playwright.impl.Connection.dispatch(Connection.java:226)
at com.microsoft.playwright.impl.Connection.processOneMessage(Connection.java:206)
at com.microsoft.playwright.impl.ChannelOwner.runUntil(ChannelOwner.java:118)
at com.microsoft.playwright.impl.Connection.sendMessage(Connection.java:126)
at com.microsoft.playwright.impl.ChannelOwner.sendMessage(ChannelOwner.java:106)
at com.microsoft.playwright.impl.FrameImpl.navigateImpl(FrameImpl.java:463)
at com.microsoft.playwright.impl.PageImpl.lambda$navigate$45(PageImpl.java:827)
at com.microsoft.playwright.impl.LoggingSupport.withLogging(LoggingSupport.java:47)
at com.microsoft.playwright.impl.ChannelOwner.withLogging(ChannelOwner.java:89)
at com.microsoft.playwright.impl.PageImpl.navigate(PageImpl.java:827)
at com.microsoft.playwright.impl.PageImpl.navigate(PageImpl.java:42)
at com.microsoft.playwright.Page.navigate(Page.java:5282)
at base.Base.navigate(Base.java:61)
at tests_michroTech_DataProvider.HomePageVerification.homePageVerify2(HomePageVerification.java:25)
... 15 more
... Removed 12 stack frames]]>
    </failure>
  </testcase> <!-- logoutpage1 -->
  <testcase classname="tests_michroTech_Parameter_DataProvider.copy.homePage_data_Provider2" name="receiveData" time="0.003"/>
  <testcase classname="tests_michroTech_Parameter_DataProvider.copy.homePage_data_Provider2" name="receiveData" time="0.002"/>
  <testcase classname="tests_michroTech_DataProvider.Test_Create_Order" name="test_Create_Order" time="0.026">
    <failure type="com.microsoft.playwright.PlaywrightException" message="Error {
  message=&amp;apos;net::ERR_ABORTED at https://it.microtechlimited.com/
=========================== logs ===========================
navigating to &amp;quot;https://it.microtechlimited.com/&amp;quot;, waiting until &amp;quot;load&amp;quot;
============================================================
  name=&amp;apos;Error
  stack=&amp;apos;Error: net::ERR_ABORTED at https://it.microtechlimited.com/
=========================== logs ===========================
navigating to &amp;quot;https://it.microtechlimited.com/&amp;quot;, waiting until &amp;quot;load&amp;quot;
============================================================
    at FrameSession._navigate (C:\Users\mahfo\AppData\Local\Temp\playwright-java-310839522140795698\package\lib\server\chromium\crPage.js:506:35)
    at runNextTicks (node:internal/process/task_queues:60:5)
    at process.processImmediate (node:internal/timers:447:9)
    at async Frame._gotoAction (C:\Users\mahfo\AppData\Local\Temp\playwright-java-310839522140795698\package\lib\server\frames.js:534:28)
}">
      <![CDATA[com.microsoft.playwright.PlaywrightException: Error {
  message='net::ERR_ABORTED at https://it.microtechlimited.com/
=========================== logs ===========================
navigating to "https://it.microtechlimited.com/", waiting until "load"
============================================================
  name='Error
  stack='Error: net::ERR_ABORTED at https://it.microtechlimited.com/
=========================== logs ===========================
navigating to "https://it.microtechlimited.com/", waiting until "load"
============================================================
    at FrameSession._navigate (C:\Users\mahfo\AppData\Local\Temp\playwright-java-310839522140795698\package\lib\server\chromium\crPage.js:506:35)
    at runNextTicks (node:internal/process/task_queues:60:5)
    at process.processImmediate (node:internal/timers:447:9)
    at async Frame._gotoAction (C:\Users\mahfo\AppData\Local\Temp\playwright-java-310839522140795698\package\lib\server\frames.js:534:28)
}
at com.microsoft.playwright.impl.WaitableResult.get(WaitableResult.java:54)
at com.microsoft.playwright.impl.ChannelOwner.runUntil(ChannelOwner.java:120)
at com.microsoft.playwright.impl.Connection.sendMessage(Connection.java:126)
at com.microsoft.playwright.impl.ChannelOwner.sendMessage(ChannelOwner.java:106)
at com.microsoft.playwright.impl.FrameImpl.navigateImpl(FrameImpl.java:463)
at com.microsoft.playwright.impl.PageImpl.lambda$navigate$45(PageImpl.java:827)
at com.microsoft.playwright.impl.LoggingSupport.withLogging(LoggingSupport.java:47)
at com.microsoft.playwright.impl.ChannelOwner.withLogging(ChannelOwner.java:89)
at com.microsoft.playwright.impl.PageImpl.navigate(PageImpl.java:827)
at com.microsoft.playwright.impl.PageImpl.navigate(PageImpl.java:42)
at com.microsoft.playwright.Page.navigate(Page.java:5282)
at base.Base.navigate(Base.java:61)
at tests_michroTech_DataProvider.Test_Create_Order.test_Create_Order(Test_Create_Order.java:16)
at java.base/java.util.concurrent.ThreadPoolExecutor.runWorker(ThreadPoolExecutor.java:1136)
at java.base/java.util.concurrent.ThreadPoolExecutor$Worker.run(ThreadPoolExecutor.java:635)
at java.base/java.lang.Thread.run(Thread.java:833)
Caused by: com.microsoft.playwright.impl.DriverException: Error {
  message='net::ERR_ABORTED at https://it.microtechlimited.com/
=========================== logs ===========================
navigating to "https://it.microtechlimited.com/", waiting until "load"
============================================================
  name='Error
  stack='Error: net::ERR_ABORTED at https://it.microtechlimited.com/
=========================== logs ===========================
navigating to "https://it.microtechlimited.com/", waiting until "load"
============================================================
    at FrameSession._navigate (C:\Users\mahfo\AppData\Local\Temp\playwright-java-310839522140795698\package\lib\server\chromium\crPage.js:506:35)
    at runNextTicks (node:internal/process/task_queues:60:5)
    at process.processImmediate (node:internal/timers:447:9)
    at async Frame._gotoAction (C:\Users\mahfo\AppData\Local\Temp\playwright-java-310839522140795698\package\lib\server\frames.js:534:28)
}
at com.microsoft.playwright.impl.Connection.dispatch(Connection.java:226)
at com.microsoft.playwright.impl.Connection.processOneMessage(Connection.java:206)
at com.microsoft.playwright.impl.ChannelOwner.runUntil(ChannelOwner.java:118)
... 26 more
... Removed 12 stack frames]]>
    </failure>
  </testcase> <!-- test_Create_Order -->
  <testcase classname="tests_michroTech_DataProvider.HomePageVerification" name="homePageVerify2" time="0.052">
    <failure type="com.microsoft.playwright.PlaywrightException" message="Error {
  message=&amp;apos;net::ERR_ABORTED at https://it.microtechlimited.com/
=========================== logs ===========================
navigating to &amp;quot;https://it.microtechlimited.com/&amp;quot;, waiting until &amp;quot;load&amp;quot;
============================================================
  name=&amp;apos;Error
  stack=&amp;apos;Error: net::ERR_ABORTED at https://it.microtechlimited.com/
=========================== logs ===========================
navigating to &amp;quot;https://it.microtechlimited.com/&amp;quot;, waiting until &amp;quot;load&amp;quot;
============================================================
    at FrameSession._navigate (C:\Users\mahfo\AppData\Local\Temp\playwright-java-310839522140795698\package\lib\server\chromium\crPage.js:506:35)
    at runNextTicks (node:internal/process/task_queues:60:5)
    at process.processImmediate (node:internal/timers:447:9)
    at async Frame._gotoAction (C:\Users\mahfo\AppData\Local\Temp\playwright-java-310839522140795698\package\lib\server\frames.js:534:28)
}">
      <![CDATA[com.microsoft.playwright.PlaywrightException: Error {
  message='net::ERR_ABORTED at https://it.microtechlimited.com/
=========================== logs ===========================
navigating to "https://it.microtechlimited.com/", waiting until "load"
============================================================
  name='Error
  stack='Error: net::ERR_ABORTED at https://it.microtechlimited.com/
=========================== logs ===========================
navigating to "https://it.microtechlimited.com/", waiting until "load"
============================================================
    at FrameSession._navigate (C:\Users\mahfo\AppData\Local\Temp\playwright-java-310839522140795698\package\lib\server\chromium\crPage.js:506:35)
    at runNextTicks (node:internal/process/task_queues:60:5)
    at process.processImmediate (node:internal/timers:447:9)
    at async Frame._gotoAction (C:\Users\mahfo\AppData\Local\Temp\playwright-java-310839522140795698\package\lib\server\frames.js:534:28)
}
at com.microsoft.playwright.impl.WaitableResult.get(WaitableResult.java:54)
at com.microsoft.playwright.impl.ChannelOwner.runUntil(ChannelOwner.java:120)
at com.microsoft.playwright.impl.Connection.sendMessage(Connection.java:126)
at com.microsoft.playwright.impl.ChannelOwner.sendMessage(ChannelOwner.java:106)
at com.microsoft.playwright.impl.FrameImpl.navigateImpl(FrameImpl.java:463)
at com.microsoft.playwright.impl.PageImpl.lambda$navigate$45(PageImpl.java:827)
at com.microsoft.playwright.impl.LoggingSupport.withLogging(LoggingSupport.java:47)
at com.microsoft.playwright.impl.ChannelOwner.withLogging(ChannelOwner.java:89)
at com.microsoft.playwright.impl.PageImpl.navigate(PageImpl.java:827)
at com.microsoft.playwright.impl.PageImpl.navigate(PageImpl.java:42)
at com.microsoft.playwright.Page.navigate(Page.java:5282)
at base.Base.navigate(Base.java:61)
at tests_michroTech_DataProvider.HomePageVerification.homePageVerify2(HomePageVerification.java:25)
at java.base/java.util.concurrent.ThreadPoolExecutor.runWorker(ThreadPoolExecutor.java:1136)
at java.base/java.util.concurrent.ThreadPoolExecutor$Worker.run(ThreadPoolExecutor.java:635)
at java.base/java.lang.Thread.run(Thread.java:833)
Caused by: com.microsoft.playwright.impl.DriverException: Error {
  message='net::ERR_ABORTED at https://it.microtechlimited.com/
=========================== logs ===========================
navigating to "https://it.microtechlimited.com/", waiting until "load"
============================================================
  name='Error
  stack='Error: net::ERR_ABORTED at https://it.microtechlimited.com/
=========================== logs ===========================
navigating to "https://it.microtechlimited.com/", waiting until "load"
============================================================
    at FrameSession._navigate (C:\Users\mahfo\AppData\Local\Temp\playwright-java-310839522140795698\package\lib\server\chromium\crPage.js:506:35)
    at runNextTicks (node:internal/process/task_queues:60:5)
    at process.processImmediate (node:internal/timers:447:9)
    at async Frame._gotoAction (C:\Users\mahfo\AppData\Local\Temp\playwright-java-310839522140795698\package\lib\server\frames.js:534:28)
}
at com.microsoft.playwright.impl.Connection.dispatch(Connection.java:226)
at com.microsoft.playwright.impl.Connection.processOneMessage(Connection.java:206)
at com.microsoft.playwright.impl.ChannelOwner.runUntil(ChannelOwner.java:118)
... 26 more
... Removed 12 stack frames]]>
    </failure>
  </testcase> <!-- homePageVerify2 -->
  <testcase classname="tests_swagLab.Test_Swag_Lab_Logout" name="logoutpage2" time="0.047">
    <failure type="com.microsoft.playwright.PlaywrightException" message="Error {
  message=&amp;apos;net::ERR_ABORTED at https://www.saucedemo.com/
=========================== logs ===========================
navigating to &amp;quot;https://www.saucedemo.com/&amp;quot;, waiting until &amp;quot;load&amp;quot;
============================================================
  name=&amp;apos;Error
  stack=&amp;apos;Error: net::ERR_ABORTED at https://www.saucedemo.com/
=========================== logs ===========================
navigating to &amp;quot;https://www.saucedemo.com/&amp;quot;, waiting until &amp;quot;load&amp;quot;
============================================================
    at FrameSession._navigate (C:\Users\mahfo\AppData\Local\Temp\playwright-java-310839522140795698\package\lib\server\chromium\crPage.js:506:35)
    at runNextTicks (node:internal/process/task_queues:60:5)
    at process.processImmediate (node:internal/timers:447:9)
    at async Frame._gotoAction (C:\Users\mahfo\AppData\Local\Temp\playwright-java-310839522140795698\package\lib\server\frames.js:534:28)
}">
      <![CDATA[com.microsoft.playwright.PlaywrightException: Error {
  message='net::ERR_ABORTED at https://www.saucedemo.com/
=========================== logs ===========================
navigating to "https://www.saucedemo.com/", waiting until "load"
============================================================
  name='Error
  stack='Error: net::ERR_ABORTED at https://www.saucedemo.com/
=========================== logs ===========================
navigating to "https://www.saucedemo.com/", waiting until "load"
============================================================
    at FrameSession._navigate (C:\Users\mahfo\AppData\Local\Temp\playwright-java-310839522140795698\package\lib\server\chromium\crPage.js:506:35)
    at runNextTicks (node:internal/process/task_queues:60:5)
    at process.processImmediate (node:internal/timers:447:9)
    at async Frame._gotoAction (C:\Users\mahfo\AppData\Local\Temp\playwright-java-310839522140795698\package\lib\server\frames.js:534:28)
}
at com.microsoft.playwright.impl.WaitableResult.get(WaitableResult.java:54)
at com.microsoft.playwright.impl.ChannelOwner.runUntil(ChannelOwner.java:120)
at com.microsoft.playwright.impl.Connection.sendMessage(Connection.java:126)
at com.microsoft.playwright.impl.ChannelOwner.sendMessage(ChannelOwner.java:106)
at com.microsoft.playwright.impl.FrameImpl.navigateImpl(FrameImpl.java:463)
at com.microsoft.playwright.impl.PageImpl.lambda$navigate$45(PageImpl.java:827)
at com.microsoft.playwright.impl.LoggingSupport.withLogging(LoggingSupport.java:47)
at com.microsoft.playwright.impl.ChannelOwner.withLogging(ChannelOwner.java:89)
at com.microsoft.playwright.impl.PageImpl.navigate(PageImpl.java:827)
at com.microsoft.playwright.impl.PageImpl.navigate(PageImpl.java:42)
at com.microsoft.playwright.Page.navigate(Page.java:5282)
at base.Base.navigate(Base.java:61)
at tests_swagLab.Test_Swag_Lab_Logout.logoutpage2(Test_Swag_Lab_Logout.java:44)
at java.base/java.util.concurrent.ThreadPoolExecutor.runWorker(ThreadPoolExecutor.java:1136)
at java.base/java.util.concurrent.ThreadPoolExecutor$Worker.run(ThreadPoolExecutor.java:635)
at java.base/java.lang.Thread.run(Thread.java:833)
Caused by: com.microsoft.playwright.impl.DriverException: Error {
  message='net::ERR_ABORTED at https://www.saucedemo.com/
=========================== logs ===========================
navigating to "https://www.saucedemo.com/", waiting until "load"
============================================================
  name='Error
  stack='Error: net::ERR_ABORTED at https://www.saucedemo.com/
=========================== logs ===========================
navigating to "https://www.saucedemo.com/", waiting until "load"
============================================================
    at FrameSession._navigate (C:\Users\mahfo\AppData\Local\Temp\playwright-java-310839522140795698\package\lib\server\chromium\crPage.js:506:35)
    at runNextTicks (node:internal/process/task_queues:60:5)
    at process.processImmediate (node:internal/timers:447:9)
    at async Frame._gotoAction (C:\Users\mahfo\AppData\Local\Temp\playwright-java-310839522140795698\package\lib\server\frames.js:534:28)
}
at com.microsoft.playwright.impl.Connection.dispatch(Connection.java:226)
at com.microsoft.playwright.impl.Connection.processOneMessage(Connection.java:206)
at com.microsoft.playwright.impl.ChannelOwner.runUntil(ChannelOwner.java:118)
at com.microsoft.playwright.impl.Connection.sendMessage(Connection.java:126)
at com.microsoft.playwright.impl.ChannelOwner.sendMessage(ChannelOwner.java:106)
at com.microsoft.playwright.impl.FrameImpl.navigateImpl(FrameImpl.java:463)
at com.microsoft.playwright.impl.PageImpl.lambda$navigate$45(PageImpl.java:827)
at com.microsoft.playwright.impl.LoggingSupport.withLogging(LoggingSupport.java:47)
at com.microsoft.playwright.impl.ChannelOwner.withLogging(ChannelOwner.java:89)
at com.microsoft.playwright.impl.PageImpl.navigate(PageImpl.java:827)
at com.microsoft.playwright.impl.PageImpl.navigate(PageImpl.java:42)
at com.microsoft.playwright.Page.navigate(Page.java:5282)
at base.Base.navigate(Base.java:61)
at tests_swagLab.Test_SwagLab_AddToCard.test_AddToCard(Test_SwagLab_AddToCard.java:10)
... 15 more
... Removed 12 stack frames]]>
    </failure>
  </testcase> <!-- logoutpage2 -->
  <testcase classname="tests_michroTech_Parameter_DataProvider.copy.Test_Create_Order" name="test_Create_Order" time="0.047">
    <failure type="com.microsoft.playwright.PlaywrightException" message="Error {
  message=&amp;apos;net::ERR_ABORTED at https://it.microtechlimited.com/
=========================== logs ===========================
navigating to &amp;quot;https://it.microtechlimited.com/&amp;quot;, waiting until &amp;quot;load&amp;quot;
============================================================
  name=&amp;apos;Error
  stack=&amp;apos;Error: net::ERR_ABORTED at https://it.microtechlimited.com/
=========================== logs ===========================
navigating to &amp;quot;https://it.microtechlimited.com/&amp;quot;, waiting until &amp;quot;load&amp;quot;
============================================================
    at FrameSession._navigate (C:\Users\mahfo\AppData\Local\Temp\playwright-java-310839522140795698\package\lib\server\chromium\crPage.js:506:35)
    at runNextTicks (node:internal/process/task_queues:60:5)
    at process.processImmediate (node:internal/timers:447:9)
    at async Frame._gotoAction (C:\Users\mahfo\AppData\Local\Temp\playwright-java-310839522140795698\package\lib\server\frames.js:534:28)
}">
      <![CDATA[com.microsoft.playwright.PlaywrightException: Error {
  message='net::ERR_ABORTED at https://it.microtechlimited.com/
=========================== logs ===========================
navigating to "https://it.microtechlimited.com/", waiting until "load"
============================================================
  name='Error
  stack='Error: net::ERR_ABORTED at https://it.microtechlimited.com/
=========================== logs ===========================
navigating to "https://it.microtechlimited.com/", waiting until "load"
============================================================
    at FrameSession._navigate (C:\Users\mahfo\AppData\Local\Temp\playwright-java-310839522140795698\package\lib\server\chromium\crPage.js:506:35)
    at runNextTicks (node:internal/process/task_queues:60:5)
    at process.processImmediate (node:internal/timers:447:9)
    at async Frame._gotoAction (C:\Users\mahfo\AppData\Local\Temp\playwright-java-310839522140795698\package\lib\server\frames.js:534:28)
}
at com.microsoft.playwright.impl.WaitableResult.get(WaitableResult.java:54)
at com.microsoft.playwright.impl.ChannelOwner.runUntil(ChannelOwner.java:120)
at com.microsoft.playwright.impl.Connection.sendMessage(Connection.java:126)
at com.microsoft.playwright.impl.ChannelOwner.sendMessage(ChannelOwner.java:106)
at com.microsoft.playwright.impl.FrameImpl.navigateImpl(FrameImpl.java:463)
at com.microsoft.playwright.impl.PageImpl.lambda$navigate$45(PageImpl.java:827)
at com.microsoft.playwright.impl.LoggingSupport.withLogging(LoggingSupport.java:47)
at com.microsoft.playwright.impl.ChannelOwner.withLogging(ChannelOwner.java:89)
at com.microsoft.playwright.impl.PageImpl.navigate(PageImpl.java:827)
at com.microsoft.playwright.impl.PageImpl.navigate(PageImpl.java:42)
at com.microsoft.playwright.Page.navigate(Page.java:5282)
at base.Base.navigate(Base.java:61)
at tests_michroTech_Parameter_DataProvider.copy.Test_Create_Order.test_Create_Order(Test_Create_Order.java:16)
at java.base/java.util.concurrent.ThreadPoolExecutor.runWorker(ThreadPoolExecutor.java:1136)
at java.base/java.util.concurrent.ThreadPoolExecutor$Worker.run(ThreadPoolExecutor.java:635)
at java.base/java.lang.Thread.run(Thread.java:833)
Caused by: com.microsoft.playwright.impl.DriverException: Error {
  message='net::ERR_ABORTED at https://it.microtechlimited.com/
=========================== logs ===========================
navigating to "https://it.microtechlimited.com/", waiting until "load"
============================================================
  name='Error
  stack='Error: net::ERR_ABORTED at https://it.microtechlimited.com/
=========================== logs ===========================
navigating to "https://it.microtechlimited.com/", waiting until "load"
============================================================
    at FrameSession._navigate (C:\Users\mahfo\AppData\Local\Temp\playwright-java-310839522140795698\package\lib\server\chromium\crPage.js:506:35)
    at runNextTicks (node:internal/process/task_queues:60:5)
    at process.processImmediate (node:internal/timers:447:9)
    at async Frame._gotoAction (C:\Users\mahfo\AppData\Local\Temp\playwright-java-310839522140795698\package\lib\server\frames.js:534:28)
}
at com.microsoft.playwright.impl.Connection.dispatch(Connection.java:226)
at com.microsoft.playwright.impl.Connection.processOneMessage(Connection.java:206)
at com.microsoft.playwright.impl.ChannelOwner.runUntil(ChannelOwner.java:118)
at com.microsoft.playwright.impl.Connection.sendMessage(Connection.java:126)
at com.microsoft.playwright.impl.ChannelOwner.sendMessage(ChannelOwner.java:106)
at com.microsoft.playwright.impl.FrameImpl.navigateImpl(FrameImpl.java:463)
at com.microsoft.playwright.impl.PageImpl.lambda$navigate$45(PageImpl.java:827)
at com.microsoft.playwright.impl.LoggingSupport.withLogging(LoggingSupport.java:47)
at com.microsoft.playwright.impl.ChannelOwner.withLogging(ChannelOwner.java:89)
at com.microsoft.playwright.impl.PageImpl.navigate(PageImpl.java:827)
at com.microsoft.playwright.impl.PageImpl.navigate(PageImpl.java:42)
at com.microsoft.playwright.Page.navigate(Page.java:5282)
at base.Base.navigate(Base.java:61)
at tests_michroTech_Parameter_DataProvider.copy.Test_Customer_Login.test_Customer_Login(Test_Customer_Login.java:11)
... 15 more
... Removed 12 stack frames]]>
    </failure>
  </testcase> <!-- test_Create_Order -->
  <testcase classname="tests_swagLab.Test_SwagLab_AddToCard" name="test_AddToCard" time="0.059">
    <failure type="com.microsoft.playwright.PlaywrightException" message="Error {
  message=&amp;apos;net::ERR_ABORTED at https://www.saucedemo.com/
=========================== logs ===========================
navigating to &amp;quot;https://www.saucedemo.com/&amp;quot;, waiting until &amp;quot;load&amp;quot;
============================================================
  name=&amp;apos;Error
  stack=&amp;apos;Error: net::ERR_ABORTED at https://www.saucedemo.com/
=========================== logs ===========================
navigating to &amp;quot;https://www.saucedemo.com/&amp;quot;, waiting until &amp;quot;load&amp;quot;
============================================================
    at FrameSession._navigate (C:\Users\mahfo\AppData\Local\Temp\playwright-java-310839522140795698\package\lib\server\chromium\crPage.js:506:35)
    at runNextTicks (node:internal/process/task_queues:60:5)
    at process.processImmediate (node:internal/timers:447:9)
    at async Frame._gotoAction (C:\Users\mahfo\AppData\Local\Temp\playwright-java-310839522140795698\package\lib\server\frames.js:534:28)
}">
      <![CDATA[com.microsoft.playwright.PlaywrightException: Error {
  message='net::ERR_ABORTED at https://www.saucedemo.com/
=========================== logs ===========================
navigating to "https://www.saucedemo.com/", waiting until "load"
============================================================
  name='Error
  stack='Error: net::ERR_ABORTED at https://www.saucedemo.com/
=========================== logs ===========================
navigating to "https://www.saucedemo.com/", waiting until "load"
============================================================
    at FrameSession._navigate (C:\Users\mahfo\AppData\Local\Temp\playwright-java-310839522140795698\package\lib\server\chromium\crPage.js:506:35)
    at runNextTicks (node:internal/process/task_queues:60:5)
    at process.processImmediate (node:internal/timers:447:9)
    at async Frame._gotoAction (C:\Users\mahfo\AppData\Local\Temp\playwright-java-310839522140795698\package\lib\server\frames.js:534:28)
}
at com.microsoft.playwright.impl.WaitableResult.get(WaitableResult.java:54)
at com.microsoft.playwright.impl.ChannelOwner.runUntil(ChannelOwner.java:120)
at com.microsoft.playwright.impl.Connection.sendMessage(Connection.java:126)
at com.microsoft.playwright.impl.ChannelOwner.sendMessage(ChannelOwner.java:106)
at com.microsoft.playwright.impl.FrameImpl.navigateImpl(FrameImpl.java:463)
at com.microsoft.playwright.impl.PageImpl.lambda$navigate$45(PageImpl.java:827)
at com.microsoft.playwright.impl.LoggingSupport.withLogging(LoggingSupport.java:47)
at com.microsoft.playwright.impl.ChannelOwner.withLogging(ChannelOwner.java:89)
at com.microsoft.playwright.impl.PageImpl.navigate(PageImpl.java:827)
at com.microsoft.playwright.impl.PageImpl.navigate(PageImpl.java:42)
at com.microsoft.playwright.Page.navigate(Page.java:5282)
at base.Base.navigate(Base.java:61)
at tests_swagLab.Test_SwagLab_AddToCard.test_AddToCard(Test_SwagLab_AddToCard.java:10)
at java.base/java.util.concurrent.ThreadPoolExecutor.runWorker(ThreadPoolExecutor.java:1136)
at java.base/java.util.concurrent.ThreadPoolExecutor$Worker.run(ThreadPoolExecutor.java:635)
at java.base/java.lang.Thread.run(Thread.java:833)
Caused by: com.microsoft.playwright.impl.DriverException: Error {
  message='net::ERR_ABORTED at https://www.saucedemo.com/
=========================== logs ===========================
navigating to "https://www.saucedemo.com/", waiting until "load"
============================================================
  name='Error
  stack='Error: net::ERR_ABORTED at https://www.saucedemo.com/
=========================== logs ===========================
navigating to "https://www.saucedemo.com/", waiting until "load"
============================================================
    at FrameSession._navigate (C:\Users\mahfo\AppData\Local\Temp\playwright-java-310839522140795698\package\lib\server\chromium\crPage.js:506:35)
    at runNextTicks (node:internal/process/task_queues:60:5)
    at process.processImmediate (node:internal/timers:447:9)
    at async Frame._gotoAction (C:\Users\mahfo\AppData\Local\Temp\playwright-java-310839522140795698\package\lib\server\frames.js:534:28)
}
at com.microsoft.playwright.impl.Connection.dispatch(Connection.java:226)
at com.microsoft.playwright.impl.Connection.processOneMessage(Connection.java:206)
at com.microsoft.playwright.impl.ChannelOwner.runUntil(ChannelOwner.java:118)
at com.microsoft.playwright.impl.Connection.sendMessage(Connection.java:126)
at com.microsoft.playwright.impl.ChannelOwner.sendMessage(ChannelOwner.java:106)
at com.microsoft.playwright.impl.FrameImpl.navigateImpl(FrameImpl.java:463)
at com.microsoft.playwright.impl.PageImpl.lambda$navigate$45(PageImpl.java:827)
at com.microsoft.playwright.impl.LoggingSupport.withLogging(LoggingSupport.java:47)
at com.microsoft.playwright.impl.ChannelOwner.withLogging(ChannelOwner.java:89)
at com.microsoft.playwright.impl.PageImpl.navigate(PageImpl.java:827)
at com.microsoft.playwright.impl.PageImpl.navigate(PageImpl.java:42)
at com.microsoft.playwright.Page.navigate(Page.java:5282)
at base.Base.navigate(Base.java:61)
at tests_michroTech_Parameter_DataProvider.copy.Test_Create_Order.test_Create_Order(Test_Create_Order.java:16)
... 15 more
... Removed 12 stack frames]]>
    </failure>
  </testcase> <!-- test_AddToCard -->
  <testcase classname="tests_michroTech_Parameter_DataProvider.copy.Test_Customer_Login" name="test_Customer_Login" time="0.039">
    <failure type="com.microsoft.playwright.PlaywrightException" message="Error {
  message=&amp;apos;net::ERR_ABORTED at https://it.microtechlimited.com/
=========================== logs ===========================
navigating to &amp;quot;https://it.microtechlimited.com/&amp;quot;, waiting until &amp;quot;load&amp;quot;
============================================================
  name=&amp;apos;Error
  stack=&amp;apos;Error: net::ERR_ABORTED at https://it.microtechlimited.com/
=========================== logs ===========================
navigating to &amp;quot;https://it.microtechlimited.com/&amp;quot;, waiting until &amp;quot;load&amp;quot;
============================================================
    at FrameSession._navigate (C:\Users\mahfo\AppData\Local\Temp\playwright-java-310839522140795698\package\lib\server\chromium\crPage.js:506:35)
    at runNextTicks (node:internal/process/task_queues:60:5)
    at process.processImmediate (node:internal/timers:447:9)
    at async Frame._gotoAction (C:\Users\mahfo\AppData\Local\Temp\playwright-java-310839522140795698\package\lib\server\frames.js:534:28)
}">
      <![CDATA[com.microsoft.playwright.PlaywrightException: Error {
  message='net::ERR_ABORTED at https://it.microtechlimited.com/
=========================== logs ===========================
navigating to "https://it.microtechlimited.com/", waiting until "load"
============================================================
  name='Error
  stack='Error: net::ERR_ABORTED at https://it.microtechlimited.com/
=========================== logs ===========================
navigating to "https://it.microtechlimited.com/", waiting until "load"
============================================================
    at FrameSession._navigate (C:\Users\mahfo\AppData\Local\Temp\playwright-java-310839522140795698\package\lib\server\chromium\crPage.js:506:35)
    at runNextTicks (node:internal/process/task_queues:60:5)
    at process.processImmediate (node:internal/timers:447:9)
    at async Frame._gotoAction (C:\Users\mahfo\AppData\Local\Temp\playwright-java-310839522140795698\package\lib\server\frames.js:534:28)
}
at com.microsoft.playwright.impl.WaitableResult.get(WaitableResult.java:54)
at com.microsoft.playwright.impl.ChannelOwner.runUntil(ChannelOwner.java:120)
at com.microsoft.playwright.impl.Connection.sendMessage(Connection.java:126)
at com.microsoft.playwright.impl.ChannelOwner.sendMessage(ChannelOwner.java:106)
at com.microsoft.playwright.impl.FrameImpl.navigateImpl(FrameImpl.java:463)
at com.microsoft.playwright.impl.PageImpl.lambda$navigate$45(PageImpl.java:827)
at com.microsoft.playwright.impl.LoggingSupport.withLogging(LoggingSupport.java:47)
at com.microsoft.playwright.impl.ChannelOwner.withLogging(ChannelOwner.java:89)
at com.microsoft.playwright.impl.PageImpl.navigate(PageImpl.java:827)
at com.microsoft.playwright.impl.PageImpl.navigate(PageImpl.java:42)
at com.microsoft.playwright.Page.navigate(Page.java:5282)
at base.Base.navigate(Base.java:61)
at tests_michroTech_Parameter_DataProvider.copy.Test_Customer_Login.test_Customer_Login(Test_Customer_Login.java:11)
at java.base/java.util.concurrent.ThreadPoolExecutor.runWorker(ThreadPoolExecutor.java:1136)
at java.base/java.util.concurrent.ThreadPoolExecutor$Worker.run(ThreadPoolExecutor.java:635)
at java.base/java.lang.Thread.run(Thread.java:833)
Caused by: com.microsoft.playwright.impl.DriverException: Error {
  message='net::ERR_ABORTED at https://it.microtechlimited.com/
=========================== logs ===========================
navigating to "https://it.microtechlimited.com/", waiting until "load"
============================================================
  name='Error
  stack='Error: net::ERR_ABORTED at https://it.microtechlimited.com/
=========================== logs ===========================
navigating to "https://it.microtechlimited.com/", waiting until "load"
============================================================
    at FrameSession._navigate (C:\Users\mahfo\AppData\Local\Temp\playwright-java-310839522140795698\package\lib\server\chromium\crPage.js:506:35)
    at runNextTicks (node:internal/process/task_queues:60:5)
    at process.processImmediate (node:internal/timers:447:9)
    at async Frame._gotoAction (C:\Users\mahfo\AppData\Local\Temp\playwright-java-310839522140795698\package\lib\server\frames.js:534:28)
}
at com.microsoft.playwright.impl.Connection.dispatch(Connection.java:226)
at com.microsoft.playwright.impl.Connection.processOneMessage(Connection.java:206)
at com.microsoft.playwright.impl.ChannelOwner.runUntil(ChannelOwner.java:118)
... 26 more
... Removed 12 stack frames]]>
    </failure>
  </testcase> <!-- test_Customer_Login -->
  <testcase classname="tests_michroTech_DataProvider.HomePageVerification" name="homePageVerify3" time="0.011">
    <failure type="com.microsoft.playwright.PlaywrightException" message="Object doesn&amp;apos;t exist: request@7b7d15944e37b539bf98089d83705e1c">
      <![CDATA[com.microsoft.playwright.PlaywrightException: Object doesn't exist: request@7b7d15944e37b539bf98089d83705e1c
at com.microsoft.playwright.impl.Connection.getExistingObject(Connection.java:187)
at com.microsoft.playwright.impl.BrowserContextImpl.handleEvent(BrowserContextImpl.java:683)
at com.microsoft.playwright.impl.Connection.dispatch(Connection.java:259)
at com.microsoft.playwright.impl.Connection.processOneMessage(Connection.java:206)
at com.microsoft.playwright.impl.ChannelOwner.runUntil(ChannelOwner.java:118)
at com.microsoft.playwright.impl.Connection.sendMessage(Connection.java:126)
at com.microsoft.playwright.impl.ChannelOwner.sendMessage(ChannelOwner.java:106)
at com.microsoft.playwright.impl.FrameImpl.navigateImpl(FrameImpl.java:463)
at com.microsoft.playwright.impl.PageImpl.lambda$navigate$45(PageImpl.java:827)
at com.microsoft.playwright.impl.LoggingSupport.withLogging(LoggingSupport.java:47)
at com.microsoft.playwright.impl.ChannelOwner.withLogging(ChannelOwner.java:89)
at com.microsoft.playwright.impl.PageImpl.navigate(PageImpl.java:827)
at com.microsoft.playwright.impl.PageImpl.navigate(PageImpl.java:42)
at com.microsoft.playwright.Page.navigate(Page.java:5282)
at base.Base.navigate(Base.java:61)
at tests_michroTech_DataProvider.HomePageVerification.homePageVerify3(HomePageVerification.java:35)
at java.base/java.util.concurrent.ThreadPoolExecutor.runWorker(ThreadPoolExecutor.java:1136)
at java.base/java.util.concurrent.ThreadPoolExecutor$Worker.run(ThreadPoolExecutor.java:635)
at java.base/java.lang.Thread.run(Thread.java:833)
... Removed 12 stack frames]]>
    </failure>
  </testcase> <!-- homePageVerify3 -->
  <testcase classname="tests_swagLab.Test_Swag_Lab_Logout" name="logoutpage3" time="0.015">
    <failure type="com.microsoft.playwright.PlaywrightException" message="Error {
  message=&amp;apos;net::ERR_ABORTED at https://www.saucedemo.com/
=========================== logs ===========================
navigating to &amp;quot;https://www.saucedemo.com/&amp;quot;, waiting until &amp;quot;load&amp;quot;
============================================================
  name=&amp;apos;Error
  stack=&amp;apos;Error: net::ERR_ABORTED at https://www.saucedemo.com/
=========================== logs ===========================
navigating to &amp;quot;https://www.saucedemo.com/&amp;quot;, waiting until &amp;quot;load&amp;quot;
============================================================
    at FrameSession._navigate (C:\Users\mahfo\AppData\Local\Temp\playwright-java-310839522140795698\package\lib\server\chromium\crPage.js:506:35)
    at runNextTicks (node:internal/process/task_queues:60:5)
    at process.processImmediate (node:internal/timers:447:9)
    at async Frame._gotoAction (C:\Users\mahfo\AppData\Local\Temp\playwright-java-310839522140795698\package\lib\server\frames.js:534:28)
}">
      <![CDATA[com.microsoft.playwright.PlaywrightException: Error {
  message='net::ERR_ABORTED at https://www.saucedemo.com/
=========================== logs ===========================
navigating to "https://www.saucedemo.com/", waiting until "load"
============================================================
  name='Error
  stack='Error: net::ERR_ABORTED at https://www.saucedemo.com/
=========================== logs ===========================
navigating to "https://www.saucedemo.com/", waiting until "load"
============================================================
    at FrameSession._navigate (C:\Users\mahfo\AppData\Local\Temp\playwright-java-310839522140795698\package\lib\server\chromium\crPage.js:506:35)
    at runNextTicks (node:internal/process/task_queues:60:5)
    at process.processImmediate (node:internal/timers:447:9)
    at async Frame._gotoAction (C:\Users\mahfo\AppData\Local\Temp\playwright-java-310839522140795698\package\lib\server\frames.js:534:28)
}
at com.microsoft.playwright.impl.WaitableResult.get(WaitableResult.java:54)
at com.microsoft.playwright.impl.ChannelOwner.runUntil(ChannelOwner.java:120)
at com.microsoft.playwright.impl.Connection.sendMessage(Connection.java:126)
at com.microsoft.playwright.impl.ChannelOwner.sendMessage(ChannelOwner.java:106)
at com.microsoft.playwright.impl.FrameImpl.navigateImpl(FrameImpl.java:463)
at com.microsoft.playwright.impl.PageImpl.lambda$navigate$45(PageImpl.java:827)
at com.microsoft.playwright.impl.LoggingSupport.withLogging(LoggingSupport.java:47)
at com.microsoft.playwright.impl.ChannelOwner.withLogging(ChannelOwner.java:89)
at com.microsoft.playwright.impl.PageImpl.navigate(PageImpl.java:827)
at com.microsoft.playwright.impl.PageImpl.navigate(PageImpl.java:42)
at com.microsoft.playwright.Page.navigate(Page.java:5282)
at base.Base.navigate(Base.java:61)
at tests_swagLab.Test_Swag_Lab_Logout.logoutpage3(Test_Swag_Lab_Logout.java:69)
at java.base/java.util.concurrent.ThreadPoolExecutor.runWorker(ThreadPoolExecutor.java:1136)
at java.base/java.util.concurrent.ThreadPoolExecutor$Worker.run(ThreadPoolExecutor.java:635)
at java.base/java.lang.Thread.run(Thread.java:833)
Caused by: com.microsoft.playwright.impl.DriverException: Error {
  message='net::ERR_ABORTED at https://www.saucedemo.com/
=========================== logs ===========================
navigating to "https://www.saucedemo.com/", waiting until "load"
============================================================
  name='Error
  stack='Error: net::ERR_ABORTED at https://www.saucedemo.com/
=========================== logs ===========================
navigating to "https://www.saucedemo.com/", waiting until "load"
============================================================
    at FrameSession._navigate (C:\Users\mahfo\AppData\Local\Temp\playwright-java-310839522140795698\package\lib\server\chromium\crPage.js:506:35)
    at runNextTicks (node:internal/process/task_queues:60:5)
    at process.processImmediate (node:internal/timers:447:9)
    at async Frame._gotoAction (C:\Users\mahfo\AppData\Local\Temp\playwright-java-310839522140795698\package\lib\server\frames.js:534:28)
}
at com.microsoft.playwright.impl.Connection.dispatch(Connection.java:226)
at com.microsoft.playwright.impl.Connection.processOneMessage(Connection.java:206)
at com.microsoft.playwright.impl.ChannelOwner.runUntil(ChannelOwner.java:118)
... 26 more
... Removed 12 stack frames]]>
    </failure>
  </testcase> <!-- logoutpage3 -->
  <testcase classname="tests_michroTech_Parameter_DataProvider.copy.Test_Employee_Login" name="test_Employee_Login" time="0.048">
    <failure type="com.microsoft.playwright.PlaywrightException" message="Error {
  message=&amp;apos;net::ERR_ABORTED at https://it.microtechlimited.com/
=========================== logs ===========================
navigating to &amp;quot;https://it.microtechlimited.com/&amp;quot;, waiting until &amp;quot;load&amp;quot;
============================================================
  name=&amp;apos;Error
  stack=&amp;apos;Error: net::ERR_ABORTED at https://it.microtechlimited.com/
=========================== logs ===========================
navigating to &amp;quot;https://it.microtechlimited.com/&amp;quot;, waiting until &amp;quot;load&amp;quot;
============================================================
    at FrameSession._navigate (C:\Users\mahfo\AppData\Local\Temp\playwright-java-310839522140795698\package\lib\server\chromium\crPage.js:506:35)
    at runNextTicks (node:internal/process/task_queues:60:5)
    at process.processImmediate (node:internal/timers:447:9)
    at async Frame._gotoAction (C:\Users\mahfo\AppData\Local\Temp\playwright-java-310839522140795698\package\lib\server\frames.js:534:28)
}">
      <![CDATA[com.microsoft.playwright.PlaywrightException: Error {
  message='net::ERR_ABORTED at https://it.microtechlimited.com/
=========================== logs ===========================
navigating to "https://it.microtechlimited.com/", waiting until "load"
============================================================
  name='Error
  stack='Error: net::ERR_ABORTED at https://it.microtechlimited.com/
=========================== logs ===========================
navigating to "https://it.microtechlimited.com/", waiting until "load"
============================================================
    at FrameSession._navigate (C:\Users\mahfo\AppData\Local\Temp\playwright-java-310839522140795698\package\lib\server\chromium\crPage.js:506:35)
    at runNextTicks (node:internal/process/task_queues:60:5)
    at process.processImmediate (node:internal/timers:447:9)
    at async Frame._gotoAction (C:\Users\mahfo\AppData\Local\Temp\playwright-java-310839522140795698\package\lib\server\frames.js:534:28)
}
at com.microsoft.playwright.impl.WaitableResult.get(WaitableResult.java:54)
at com.microsoft.playwright.impl.ChannelOwner.runUntil(ChannelOwner.java:120)
at com.microsoft.playwright.impl.Connection.sendMessage(Connection.java:126)
at com.microsoft.playwright.impl.ChannelOwner.sendMessage(ChannelOwner.java:106)
at com.microsoft.playwright.impl.FrameImpl.navigateImpl(FrameImpl.java:463)
at com.microsoft.playwright.impl.PageImpl.lambda$navigate$45(PageImpl.java:827)
at com.microsoft.playwright.impl.LoggingSupport.withLogging(LoggingSupport.java:47)
at com.microsoft.playwright.impl.ChannelOwner.withLogging(ChannelOwner.java:89)
at com.microsoft.playwright.impl.PageImpl.navigate(PageImpl.java:827)
at com.microsoft.playwright.impl.PageImpl.navigate(PageImpl.java:42)
at com.microsoft.playwright.Page.navigate(Page.java:5282)
at base.Base.navigate(Base.java:61)
at tests_michroTech_Parameter_DataProvider.copy.Test_Employee_Login.test_Employee_Login(Test_Employee_Login.java:17)
at java.base/java.util.concurrent.ThreadPoolExecutor.runWorker(ThreadPoolExecutor.java:1136)
at java.base/java.util.concurrent.ThreadPoolExecutor$Worker.run(ThreadPoolExecutor.java:635)
at java.base/java.lang.Thread.run(Thread.java:833)
Caused by: com.microsoft.playwright.impl.DriverException: Error {
  message='net::ERR_ABORTED at https://it.microtechlimited.com/
=========================== logs ===========================
navigating to "https://it.microtechlimited.com/", waiting until "load"
============================================================
  name='Error
  stack='Error: net::ERR_ABORTED at https://it.microtechlimited.com/
=========================== logs ===========================
navigating to "https://it.microtechlimited.com/", waiting until "load"
============================================================
    at FrameSession._navigate (C:\Users\mahfo\AppData\Local\Temp\playwright-java-310839522140795698\package\lib\server\chromium\crPage.js:506:35)
    at runNextTicks (node:internal/process/task_queues:60:5)
    at process.processImmediate (node:internal/timers:447:9)
    at async Frame._gotoAction (C:\Users\mahfo\AppData\Local\Temp\playwright-java-310839522140795698\package\lib\server\frames.js:534:28)
}
at com.microsoft.playwright.impl.Connection.dispatch(Connection.java:226)
at com.microsoft.playwright.impl.Connection.processOneMessage(Connection.java:206)
at com.microsoft.playwright.impl.ChannelOwner.runUntil(ChannelOwner.java:118)
... 26 more
... Removed 12 stack frames]]>
    </failure>
  </testcase> <!-- test_Employee_Login -->
  <testcase classname="tests_swagLab.Test_Swag_Lab_Login" name="test_Swag_Lab_Login" time="0.043">
    <failure type="com.microsoft.playwright.PlaywrightException" message="Error {
  message=&amp;apos;net::ERR_ABORTED at https://www.saucedemo.com/
=========================== logs ===========================
navigating to &amp;quot;https://www.saucedemo.com/&amp;quot;, waiting until &amp;quot;load&amp;quot;
============================================================
  name=&amp;apos;Error
  stack=&amp;apos;Error: net::ERR_ABORTED at https://www.saucedemo.com/
=========================== logs ===========================
navigating to &amp;quot;https://www.saucedemo.com/&amp;quot;, waiting until &amp;quot;load&amp;quot;
============================================================
    at FrameSession._navigate (C:\Users\mahfo\AppData\Local\Temp\playwright-java-310839522140795698\package\lib\server\chromium\crPage.js:506:35)
    at runNextTicks (node:internal/process/task_queues:60:5)
    at process.processImmediate (node:internal/timers:447:9)
    at async Frame._gotoAction (C:\Users\mahfo\AppData\Local\Temp\playwright-java-310839522140795698\package\lib\server\frames.js:534:28)
}">
      <![CDATA[com.microsoft.playwright.PlaywrightException: Error {
  message='net::ERR_ABORTED at https://www.saucedemo.com/
=========================== logs ===========================
navigating to "https://www.saucedemo.com/", waiting until "load"
============================================================
  name='Error
  stack='Error: net::ERR_ABORTED at https://www.saucedemo.com/
=========================== logs ===========================
navigating to "https://www.saucedemo.com/", waiting until "load"
============================================================
    at FrameSession._navigate (C:\Users\mahfo\AppData\Local\Temp\playwright-java-310839522140795698\package\lib\server\chromium\crPage.js:506:35)
    at runNextTicks (node:internal/process/task_queues:60:5)
    at process.processImmediate (node:internal/timers:447:9)
    at async Frame._gotoAction (C:\Users\mahfo\AppData\Local\Temp\playwright-java-310839522140795698\package\lib\server\frames.js:534:28)
}
at com.microsoft.playwright.impl.WaitableResult.get(WaitableResult.java:54)
at com.microsoft.playwright.impl.ChannelOwner.runUntil(ChannelOwner.java:120)
at com.microsoft.playwright.impl.Connection.sendMessage(Connection.java:126)
at com.microsoft.playwright.impl.ChannelOwner.sendMessage(ChannelOwner.java:106)
at com.microsoft.playwright.impl.FrameImpl.navigateImpl(FrameImpl.java:463)
at com.microsoft.playwright.impl.PageImpl.lambda$navigate$45(PageImpl.java:827)
at com.microsoft.playwright.impl.LoggingSupport.withLogging(LoggingSupport.java:47)
at com.microsoft.playwright.impl.ChannelOwner.withLogging(ChannelOwner.java:89)
at com.microsoft.playwright.impl.PageImpl.navigate(PageImpl.java:827)
at com.microsoft.playwright.impl.PageImpl.navigate(PageImpl.java:42)
at com.microsoft.playwright.Page.navigate(Page.java:5282)
at base.Base.navigate(Base.java:61)
at tests_swagLab.Test_Swag_Lab_Login.test_Swag_Lab_Login(Test_Swag_Lab_Login.java:10)
at java.base/java.util.concurrent.ThreadPoolExecutor.runWorker(ThreadPoolExecutor.java:1136)
at java.base/java.util.concurrent.ThreadPoolExecutor$Worker.run(ThreadPoolExecutor.java:635)
at java.base/java.lang.Thread.run(Thread.java:833)
Caused by: com.microsoft.playwright.impl.DriverException: Error {
  message='net::ERR_ABORTED at https://www.saucedemo.com/
=========================== logs ===========================
navigating to "https://www.saucedemo.com/", waiting until "load"
============================================================
  name='Error
  stack='Error: net::ERR_ABORTED at https://www.saucedemo.com/
=========================== logs ===========================
navigating to "https://www.saucedemo.com/", waiting until "load"
============================================================
    at FrameSession._navigate (C:\Users\mahfo\AppData\Local\Temp\playwright-java-310839522140795698\package\lib\server\chromium\crPage.js:506:35)
    at runNextTicks (node:internal/process/task_queues:60:5)
    at process.processImmediate (node:internal/timers:447:9)
    at async Frame._gotoAction (C:\Users\mahfo\AppData\Local\Temp\playwright-java-310839522140795698\package\lib\server\frames.js:534:28)
}
at com.microsoft.playwright.impl.Connection.dispatch(Connection.java:226)
at com.microsoft.playwright.impl.Connection.processOneMessage(Connection.java:206)
at com.microsoft.playwright.impl.ChannelOwner.runUntil(ChannelOwner.java:118)
at com.microsoft.playwright.impl.Connection.sendMessage(Connection.java:126)
at com.microsoft.playwright.impl.ChannelOwner.sendMessage(ChannelOwner.java:106)
at com.microsoft.playwright.impl.FrameImpl.navigateImpl(FrameImpl.java:463)
at com.microsoft.playwright.impl.PageImpl.lambda$navigate$45(PageImpl.java:827)
at com.microsoft.playwright.impl.LoggingSupport.withLogging(LoggingSupport.java:47)
at com.microsoft.playwright.impl.ChannelOwner.withLogging(ChannelOwner.java:89)
at com.microsoft.playwright.impl.PageImpl.navigate(PageImpl.java:827)
at com.microsoft.playwright.impl.PageImpl.navigate(PageImpl.java:42)
at com.microsoft.playwright.Page.navigate(Page.java:5282)
at base.Base.navigate(Base.java:61)
at tests_michroTech_DataProvider.HomePageVerification.homePageVerify4(HomePageVerification.java:44)
... 15 more
... Removed 12 stack frames]]>
    </failure>
  </testcase> <!-- test_Swag_Lab_Login -->
  <testcase classname="tests_michroTech_DataProvider.HomePageVerification" name="homePageVerify4" time="0.049">
    <failure type="com.microsoft.playwright.PlaywrightException" message="Error {
  message=&amp;apos;net::ERR_ABORTED at https://it.microtechlimited.com/
=========================== logs ===========================
navigating to &amp;quot;https://it.microtechlimited.com/&amp;quot;, waiting until &amp;quot;load&amp;quot;
============================================================
  name=&amp;apos;Error
  stack=&amp;apos;Error: net::ERR_ABORTED at https://it.microtechlimited.com/
=========================== logs ===========================
navigating to &amp;quot;https://it.microtechlimited.com/&amp;quot;, waiting until &amp;quot;load&amp;quot;
============================================================
    at FrameSession._navigate (C:\Users\mahfo\AppData\Local\Temp\playwright-java-310839522140795698\package\lib\server\chromium\crPage.js:506:35)
    at runNextTicks (node:internal/process/task_queues:60:5)
    at process.processImmediate (node:internal/timers:447:9)
    at async Frame._gotoAction (C:\Users\mahfo\AppData\Local\Temp\playwright-java-310839522140795698\package\lib\server\frames.js:534:28)
}">
      <![CDATA[com.microsoft.playwright.PlaywrightException: Error {
  message='net::ERR_ABORTED at https://it.microtechlimited.com/
=========================== logs ===========================
navigating to "https://it.microtechlimited.com/", waiting until "load"
============================================================
  name='Error
  stack='Error: net::ERR_ABORTED at https://it.microtechlimited.com/
=========================== logs ===========================
navigating to "https://it.microtechlimited.com/", waiting until "load"
============================================================
    at FrameSession._navigate (C:\Users\mahfo\AppData\Local\Temp\playwright-java-310839522140795698\package\lib\server\chromium\crPage.js:506:35)
    at runNextTicks (node:internal/process/task_queues:60:5)
    at process.processImmediate (node:internal/timers:447:9)
    at async Frame._gotoAction (C:\Users\mahfo\AppData\Local\Temp\playwright-java-310839522140795698\package\lib\server\frames.js:534:28)
}
at com.microsoft.playwright.impl.WaitableResult.get(WaitableResult.java:54)
at com.microsoft.playwright.impl.ChannelOwner.runUntil(ChannelOwner.java:120)
at com.microsoft.playwright.impl.Connection.sendMessage(Connection.java:126)
at com.microsoft.playwright.impl.ChannelOwner.sendMessage(ChannelOwner.java:106)
at com.microsoft.playwright.impl.FrameImpl.navigateImpl(FrameImpl.java:463)
at com.microsoft.playwright.impl.PageImpl.lambda$navigate$45(PageImpl.java:827)
at com.microsoft.playwright.impl.LoggingSupport.withLogging(LoggingSupport.java:47)
at com.microsoft.playwright.impl.ChannelOwner.withLogging(ChannelOwner.java:89)
at com.microsoft.playwright.impl.PageImpl.navigate(PageImpl.java:827)
at com.microsoft.playwright.impl.PageImpl.navigate(PageImpl.java:42)
at com.microsoft.playwright.Page.navigate(Page.java:5282)
at base.Base.navigate(Base.java:61)
at tests_michroTech_DataProvider.HomePageVerification.homePageVerify4(HomePageVerification.java:44)
at java.base/java.util.concurrent.ThreadPoolExecutor.runWorker(ThreadPoolExecutor.java:1136)
at java.base/java.util.concurrent.ThreadPoolExecutor$Worker.run(ThreadPoolExecutor.java:635)
at java.base/java.lang.Thread.run(Thread.java:833)
Caused by: com.microsoft.playwright.impl.DriverException: Error {
  message='net::ERR_ABORTED at https://it.microtechlimited.com/
=========================== logs ===========================
navigating to "https://it.microtechlimited.com/", waiting until "load"
============================================================
  name='Error
  stack='Error: net::ERR_ABORTED at https://it.microtechlimited.com/
=========================== logs ===========================
navigating to "https://it.microtechlimited.com/", waiting until "load"
============================================================
    at FrameSession._navigate (C:\Users\mahfo\AppData\Local\Temp\playwright-java-310839522140795698\package\lib\server\chromium\crPage.js:506:35)
    at runNextTicks (node:internal/process/task_queues:60:5)
    at process.processImmediate (node:internal/timers:447:9)
    at async Frame._gotoAction (C:\Users\mahfo\AppData\Local\Temp\playwright-java-310839522140795698\package\lib\server\frames.js:534:28)
}
at com.microsoft.playwright.impl.Connection.dispatch(Connection.java:226)
at com.microsoft.playwright.impl.Connection.processOneMessage(Connection.java:206)
at com.microsoft.playwright.impl.ChannelOwner.runUntil(ChannelOwner.java:118)
... 26 more
... Removed 12 stack frames]]>
    </failure>
  </testcase> <!-- homePageVerify4 -->
  <testcase classname="tests_michroTech_DataProvider.Test_Customer_Login" name="test_Customer_Login" time="0.043">
    <failure type="com.microsoft.playwright.PlaywrightException" message="Error {
  message=&amp;apos;net::ERR_ABORTED at https://it.microtechlimited.com/
=========================== logs ===========================
navigating to &amp;quot;https://it.microtechlimited.com/&amp;quot;, waiting until &amp;quot;load&amp;quot;
============================================================
  name=&amp;apos;Error
  stack=&amp;apos;Error: net::ERR_ABORTED at https://it.microtechlimited.com/
=========================== logs ===========================
navigating to &amp;quot;https://it.microtechlimited.com/&amp;quot;, waiting until &amp;quot;load&amp;quot;
============================================================
    at FrameSession._navigate (C:\Users\mahfo\AppData\Local\Temp\playwright-java-310839522140795698\package\lib\server\chromium\crPage.js:506:35)
    at runNextTicks (node:internal/process/task_queues:60:5)
    at process.processImmediate (node:internal/timers:447:9)
    at async Frame._gotoAction (C:\Users\mahfo\AppData\Local\Temp\playwright-java-310839522140795698\package\lib\server\frames.js:534:28)
}">
      <![CDATA[com.microsoft.playwright.PlaywrightException: Error {
  message='net::ERR_ABORTED at https://it.microtechlimited.com/
=========================== logs ===========================
navigating to "https://it.microtechlimited.com/", waiting until "load"
============================================================
  name='Error
  stack='Error: net::ERR_ABORTED at https://it.microtechlimited.com/
=========================== logs ===========================
navigating to "https://it.microtechlimited.com/", waiting until "load"
============================================================
    at FrameSession._navigate (C:\Users\mahfo\AppData\Local\Temp\playwright-java-310839522140795698\package\lib\server\chromium\crPage.js:506:35)
    at runNextTicks (node:internal/process/task_queues:60:5)
    at process.processImmediate (node:internal/timers:447:9)
    at async Frame._gotoAction (C:\Users\mahfo\AppData\Local\Temp\playwright-java-310839522140795698\package\lib\server\frames.js:534:28)
}
at com.microsoft.playwright.impl.WaitableResult.get(WaitableResult.java:54)
at com.microsoft.playwright.impl.ChannelOwner.runUntil(ChannelOwner.java:120)
at com.microsoft.playwright.impl.Connection.sendMessage(Connection.java:126)
at com.microsoft.playwright.impl.ChannelOwner.sendMessage(ChannelOwner.java:106)
at com.microsoft.playwright.impl.FrameImpl.navigateImpl(FrameImpl.java:463)
at com.microsoft.playwright.impl.PageImpl.lambda$navigate$45(PageImpl.java:827)
at com.microsoft.playwright.impl.LoggingSupport.withLogging(LoggingSupport.java:47)
at com.microsoft.playwright.impl.ChannelOwner.withLogging(ChannelOwner.java:89)
at com.microsoft.playwright.impl.PageImpl.navigate(PageImpl.java:827)
at com.microsoft.playwright.impl.PageImpl.navigate(PageImpl.java:42)
at com.microsoft.playwright.Page.navigate(Page.java:5282)
at base.Base.navigate(Base.java:61)
at tests_michroTech_DataProvider.Test_Customer_Login.test_Customer_Login(Test_Customer_Login.java:12)
at java.base/java.util.concurrent.ThreadPoolExecutor.runWorker(ThreadPoolExecutor.java:1136)
at java.base/java.util.concurrent.ThreadPoolExecutor$Worker.run(ThreadPoolExecutor.java:635)
at java.base/java.lang.Thread.run(Thread.java:833)
Caused by: com.microsoft.playwright.impl.DriverException: Error {
  message='net::ERR_ABORTED at https://it.microtechlimited.com/
=========================== logs ===========================
navigating to "https://it.microtechlimited.com/", waiting until "load"
============================================================
  name='Error
  stack='Error: net::ERR_ABORTED at https://it.microtechlimited.com/
=========================== logs ===========================
navigating to "https://it.microtechlimited.com/", waiting until "load"
============================================================
    at FrameSession._navigate (C:\Users\mahfo\AppData\Local\Temp\playwright-java-310839522140795698\package\lib\server\chromium\crPage.js:506:35)
    at runNextTicks (node:internal/process/task_queues:60:5)
    at process.processImmediate (node:internal/timers:447:9)
    at async Frame._gotoAction (C:\Users\mahfo\AppData\Local\Temp\playwright-java-310839522140795698\package\lib\server\frames.js:534:28)
}
at com.microsoft.playwright.impl.Connection.dispatch(Connection.java:226)
at com.microsoft.playwright.impl.Connection.processOneMessage(Connection.java:206)
at com.microsoft.playwright.impl.ChannelOwner.runUntil(ChannelOwner.java:118)
at com.microsoft.playwright.impl.Connection.sendMessage(Connection.java:126)
at com.microsoft.playwright.impl.ChannelOwner.sendMessage(ChannelOwner.java:106)
at com.microsoft.playwright.impl.FrameImpl.navigateImpl(FrameImpl.java:463)
at com.microsoft.playwright.impl.PageImpl.lambda$navigate$45(PageImpl.java:827)
at com.microsoft.playwright.impl.LoggingSupport.withLogging(LoggingSupport.java:47)
at com.microsoft.playwright.impl.ChannelOwner.withLogging(ChannelOwner.java:89)
at com.microsoft.playwright.impl.PageImpl.navigate(PageImpl.java:827)
at com.microsoft.playwright.impl.PageImpl.navigate(PageImpl.java:42)
at com.microsoft.playwright.Page.navigate(Page.java:5282)
at base.Base.navigate(Base.java:61)
at tests_michroTech_DataProvider.HomePageVerification.homePageVerify5(HomePageVerification.java:54)
... 15 more
... Removed 12 stack frames]]>
    </failure>
  </testcase> <!-- test_Customer_Login -->
  <testcase classname="tests_michroTech_DataProvider.Test_Employee_Login" name="test_Employee_Login" time="0.051">
    <failure type="com.microsoft.playwright.PlaywrightException" message="Error {
  message=&amp;apos;net::ERR_ABORTED at https://it.microtechlimited.com/
=========================== logs ===========================
navigating to &amp;quot;https://it.microtechlimited.com/&amp;quot;, waiting until &amp;quot;load&amp;quot;
============================================================
  name=&amp;apos;Error
  stack=&amp;apos;Error: net::ERR_ABORTED at https://it.microtechlimited.com/
=========================== logs ===========================
navigating to &amp;quot;https://it.microtechlimited.com/&amp;quot;, waiting until &amp;quot;load&amp;quot;
============================================================
    at FrameSession._navigate (C:\Users\mahfo\AppData\Local\Temp\playwright-java-310839522140795698\package\lib\server\chromium\crPage.js:506:35)
    at runNextTicks (node:internal/process/task_queues:60:5)
    at process.processImmediate (node:internal/timers:447:9)
    at async Frame._gotoAction (C:\Users\mahfo\AppData\Local\Temp\playwright-java-310839522140795698\package\lib\server\frames.js:534:28)
}">
      <![CDATA[com.microsoft.playwright.PlaywrightException: Error {
  message='net::ERR_ABORTED at https://it.microtechlimited.com/
=========================== logs ===========================
navigating to "https://it.microtechlimited.com/", waiting until "load"
============================================================
  name='Error
  stack='Error: net::ERR_ABORTED at https://it.microtechlimited.com/
=========================== logs ===========================
navigating to "https://it.microtechlimited.com/", waiting until "load"
============================================================
    at FrameSession._navigate (C:\Users\mahfo\AppData\Local\Temp\playwright-java-310839522140795698\package\lib\server\chromium\crPage.js:506:35)
    at runNextTicks (node:internal/process/task_queues:60:5)
    at process.processImmediate (node:internal/timers:447:9)
    at async Frame._gotoAction (C:\Users\mahfo\AppData\Local\Temp\playwright-java-310839522140795698\package\lib\server\frames.js:534:28)
}
at com.microsoft.playwright.impl.WaitableResult.get(WaitableResult.java:54)
at com.microsoft.playwright.impl.ChannelOwner.runUntil(ChannelOwner.java:120)
at com.microsoft.playwright.impl.Connection.sendMessage(Connection.java:126)
at com.microsoft.playwright.impl.ChannelOwner.sendMessage(ChannelOwner.java:106)
at com.microsoft.playwright.impl.FrameImpl.navigateImpl(FrameImpl.java:463)
at com.microsoft.playwright.impl.PageImpl.lambda$navigate$45(PageImpl.java:827)
at com.microsoft.playwright.impl.LoggingSupport.withLogging(LoggingSupport.java:47)
at com.microsoft.playwright.impl.ChannelOwner.withLogging(ChannelOwner.java:89)
at com.microsoft.playwright.impl.PageImpl.navigate(PageImpl.java:827)
at com.microsoft.playwright.impl.PageImpl.navigate(PageImpl.java:42)
at com.microsoft.playwright.Page.navigate(Page.java:5282)
at base.Base.navigate(Base.java:61)
at tests_michroTech_DataProvider.Test_Employee_Login.test_Employee_Login(Test_Employee_Login.java:17)
at java.base/java.util.concurrent.ThreadPoolExecutor.runWorker(ThreadPoolExecutor.java:1136)
at java.base/java.util.concurrent.ThreadPoolExecutor$Worker.run(ThreadPoolExecutor.java:635)
at java.base/java.lang.Thread.run(Thread.java:833)
Caused by: com.microsoft.playwright.impl.DriverException: Error {
  message='net::ERR_ABORTED at https://it.microtechlimited.com/
=========================== logs ===========================
navigating to "https://it.microtechlimited.com/", waiting until "load"
============================================================
  name='Error
  stack='Error: net::ERR_ABORTED at https://it.microtechlimited.com/
=========================== logs ===========================
navigating to "https://it.microtechlimited.com/", waiting until "load"
============================================================
    at FrameSession._navigate (C:\Users\mahfo\AppData\Local\Temp\playwright-java-310839522140795698\package\lib\server\chromium\crPage.js:506:35)
    at runNextTicks (node:internal/process/task_queues:60:5)
    at process.processImmediate (node:internal/timers:447:9)
    at async Frame._gotoAction (C:\Users\mahfo\AppData\Local\Temp\playwright-java-310839522140795698\package\lib\server\frames.js:534:28)
}
at com.microsoft.playwright.impl.Connection.dispatch(Connection.java:226)
at com.microsoft.playwright.impl.Connection.processOneMessage(Connection.java:206)
at com.microsoft.playwright.impl.ChannelOwner.runUntil(ChannelOwner.java:118)
at com.microsoft.playwright.impl.Connection.sendMessage(Connection.java:126)
at com.microsoft.playwright.impl.ChannelOwner.sendMessage(ChannelOwner.java:106)
at com.microsoft.playwright.impl.FrameImpl.navigateImpl(FrameImpl.java:463)
at com.microsoft.playwright.impl.PageImpl.lambda$navigate$45(PageImpl.java:827)
at com.microsoft.playwright.impl.LoggingSupport.withLogging(LoggingSupport.java:47)
at com.microsoft.playwright.impl.ChannelOwner.withLogging(ChannelOwner.java:89)
at com.microsoft.playwright.impl.PageImpl.navigate(PageImpl.java:827)
at com.microsoft.playwright.impl.PageImpl.navigate(PageImpl.java:42)
at com.microsoft.playwright.Page.navigate(Page.java:5282)
at base.Base.navigate(Base.java:61)
at tests_michroTech_DataProvider.HomePageVerification.homePageVerify5(HomePageVerification.java:54)
... 15 more
... Removed 12 stack frames]]>
    </failure>
  </testcase> <!-- test_Employee_Login -->
  <testcase classname="tests_michroTech_DataProvider.HomePageVerification" name="homePageVerify5" time="0.539">
    <failure type="java.lang.AssertionError" message="------------homePageVerify5 Soft Assertion Done-------------
	---------This stmt will be executed bcoz of Soft Assertion---------- expected [true] but found [false]">
      <![CDATA[java.lang.AssertionError: ------------homePageVerify5 Soft Assertion Done-------------
---------This stmt will be executed bcoz of Soft Assertion---------- expected [true] but found [false]
at tests_michroTech_DataProvider.HomePageVerification.homePageVerify5(HomePageVerification.java:59)
at java.base/java.util.concurrent.ThreadPoolExecutor.runWorker(ThreadPoolExecutor.java:1136)
at java.base/java.util.concurrent.ThreadPoolExecutor$Worker.run(ThreadPoolExecutor.java:635)
at java.base/java.lang.Thread.run(Thread.java:833)
... Removed 13 stack frames]]>
    </failure>
  </testcase> <!-- homePageVerify5 -->
  <testcase classname="tests_michroTech_DataProvider.HomePageVerification" name="homePageVerify6" time="0.145">
    <failure type="java.lang.AssertionError" message="-------No further stmt will not be executed bcoz of Hard Assertion---- expected [true] but found [false]">
      <![CDATA[java.lang.AssertionError: -------No further stmt will not be executed bcoz of Hard Assertion---- expected [true] but found [false]
at tests_michroTech_DataProvider.HomePageVerification.homePageVerify6(HomePageVerification.java:67)
at java.base/java.util.concurrent.ThreadPoolExecutor.runWorker(ThreadPoolExecutor.java:1136)
at java.base/java.util.concurrent.ThreadPoolExecutor$Worker.run(ThreadPoolExecutor.java:635)
at java.base/java.lang.Thread.run(Thread.java:833)
... Removed 15 stack frames]]>
    </failure>
  </testcase> <!-- homePageVerify6 -->
  <testcase classname="dataProvider.Read_Exc_DataProvider" name="test_readfromExcel" time="0.0">
    <failure type="org.testng.TestNGException" message="
Data Provider public void dataProvider.DataProvider_Test.Read_Excel_File1() returned a null value">
      <![CDATA[org.testng.TestNGException: 
Data Provider public void dataProvider.DataProvider_Test.Read_Excel_File1() returned a null value
at java.base/java.util.concurrent.ThreadPoolExecutor.runWorker(ThreadPoolExecutor.java:1136)
at java.base/java.util.concurrent.ThreadPoolExecutor$Worker.run(ThreadPoolExecutor.java:635)
at java.base/java.lang.Thread.run(Thread.java:833)
... Removed 9 stack frames]]>
    </failure>
  </testcase> <!-- test_readfromExcel -->
  <testcase classname="base.Base" name="@AfterSuite Close_All" time="0.0">
    <ignored/>
  </testcase> <!-- @AfterSuite Close_All -->
  <testcase classname="base.Base" name="@AfterSuite Close_All" time="0.0">
    <ignored/>
  </testcase> <!-- @AfterSuite Close_All -->
  <testcase classname="base.Base" name="@BeforeSuite startUp" time="0.0">
    <ignored/>
  </testcase> <!-- @BeforeSuite startUp -->
  <testcase classname="base.Base" name="@BeforeSuite startUp" time="0.0">
    <ignored/>
  </testcase> <!-- @BeforeSuite startUp -->
  <testcase classname="base.Base" name="@BeforeSuite startUp" time="0.0">
    <ignored/>
  </testcase> <!-- @BeforeSuite startUp -->
  <testcase classname="base.Base" name="@AfterSuite Close_All" time="0.0">
    <ignored/>
  </testcase> <!-- @AfterSuite Close_All -->
  <testcase classname="base.Base" name="@AfterSuite Close_All" time="0.0">
    <ignored/>
  </testcase> <!-- @AfterSuite Close_All -->
  <testcase classname="base.Base" name="@AfterSuite Close_All" time="0.0">
    <ignored/>
  </testcase> <!-- @AfterSuite Close_All -->
  <testcase classname="base.Base" name="@BeforeSuite startUp" time="0.0">
    <ignored/>
  </testcase> <!-- @BeforeSuite startUp -->
  <testcase classname="base.Base" name="@BeforeSuite startUp" time="0.0">
    <ignored/>
  </testcase> <!-- @BeforeSuite startUp -->
  <testcase classname="base.Base" name="@BeforeSuite startUp" time="0.0">
    <ignored/>
  </testcase> <!-- @BeforeSuite startUp -->
  <testcase classname="base.Base" name="@BeforeSuite startUp" time="0.0">
    <ignored/>
  </testcase> <!-- @BeforeSuite startUp -->
  <testcase classname="base.Base" name="@BeforeSuite startUp" time="0.0">
    <ignored/>
  </testcase> <!-- @BeforeSuite startUp -->
  <testcase classname="base.Base" name="@BeforeSuite startUp" time="0.0">
    <ignored/>
  </testcase> <!-- @BeforeSuite startUp -->
  <testcase classname="base.Base" name="@AfterSuite Close_All" time="0.0">
    <ignored/>
  </testcase> <!-- @AfterSuite Close_All -->
  <testcase classname="base.Base" name="@AfterSuite Close_All" time="0.0">
    <ignored/>
  </testcase> <!-- @AfterSuite Close_All -->
  <testcase classname="base.Base" name="@BeforeSuite startUp" time="0.0">
    <ignored/>
  </testcase> <!-- @BeforeSuite startUp -->
  <testcase classname="base.Base" name="@AfterSuite Close_All" time="0.0">
    <ignored/>
  </testcase> <!-- @AfterSuite Close_All -->
  <testcase classname="base.Base" name="@AfterSuite Close_All" time="0.0">
    <ignored/>
  </testcase> <!-- @AfterSuite Close_All -->
  <testcase classname="base.Base" name="@BeforeSuite startUp" time="0.0">
    <ignored/>
  </testcase> <!-- @BeforeSuite startUp -->
  <testcase classname="base.Base" name="@BeforeSuite startUp" time="0.0">
    <ignored/>
  </testcase> <!-- @BeforeSuite startUp -->
  <testcase classname="base.Base" name="@AfterSuite Close_All" time="0.0">
    <ignored/>
  </testcase> <!-- @AfterSuite Close_All -->
  <testcase classname="base.Base" name="@AfterSuite Close_All" time="0.0">
    <ignored/>
  </testcase> <!-- @AfterSuite Close_All -->
  <testcase classname="base.Base" name="@AfterSuite Close_All" time="0.0">
    <ignored/>
  </testcase> <!-- @AfterSuite Close_All -->
  <testcase classname="base.Base" name="@AfterSuite Close_All" time="0.0">
    <ignored/>
  </testcase> <!-- @AfterSuite Close_All -->
  <testcase classname="base.Base" name="@BeforeSuite startUp" time="0.0">
    <ignored/>
  </testcase> <!-- @BeforeSuite startUp -->
  <testcase classname="base.Base" name="@BeforeSuite startUp" time="0.0">
    <ignored/>
  </testcase> <!-- @BeforeSuite startUp -->
  <testcase classname="base.Base" name="@AfterSuite Close_All" time="0.0">
    <ignored/>
  </testcase> <!-- @AfterSuite Close_All -->
  <testcase classname="base.Base" name="@BeforeSuite startUp" time="0.0">
    <ignored/>
  </testcase> <!-- @BeforeSuite startUp -->
  <testcase classname="base.Base" name="@AfterSuite Close_All" time="0.0">
    <ignored/>
  </testcase> <!-- @AfterSuite Close_All -->
</testsuite> <!-- Test -->
