<?xml version="1.0" encoding="UTF-8"?>
<testng-results ignored="0" total="1" passed="1" failed="0" skipped="0">
  <reporter-output>
  </reporter-output>
  <suite started-at="2023-12-24T08:08:45 MST" name="Default suite" finished-at="2023-12-24T08:08:55 MST" duration-ms="10425">
    <groups>
    </groups>
    <test started-at="2023-12-24T08:08:45 MST" name="Default test" finished-at="2023-12-24T08:08:55 MST" duration-ms="10425">
      <class name="tests_michroTech_DataProvider.Test_Create_Order">
        <test-method is-config="true" signature="startUp()[pri:0, instance:tests_michroTech_DataProvider.Test_Create_Order@6771beb3]" started-at="2023-12-24T08:08:39 MST" name="startUp" finished-at="2023-12-24T08:08:45 MST" duration-ms="5459" status="PASS">
          <reporter-output>
          </reporter-output>
        </test-method> <!-- startUp -->
        <test-method signature="test_Create_Order()[pri:0, instance:tests_michroTech_DataProvider.Test_Create_Order@6771beb3]" started-at="2023-12-24T08:08:45 MST" name="test_Create_Order" finished-at="2023-12-24T08:08:55 MST" duration-ms="10394" status="PASS">
          <reporter-output>
          </reporter-output>
        </test-method> <!-- test_Create_Order -->
        <test-method is-config="true" signature="Close_All()[pri:0, instance:tests_michroTech_DataProvider.Test_Create_Order@6771beb3]" started-at="2023-12-24T08:08:55 MST" name="Close_All" finished-at="2023-12-24T08:08:55 MST" duration-ms="221" status="PASS">
          <reporter-output>
          </reporter-output>
        </test-method> <!-- Close_All -->
      </class> <!-- tests_michroTech_DataProvider.Test_Create_Order -->
    </test> <!-- Default test -->
  </suite> <!-- Default suite -->
</testng-results>
